Using pre-set license
Built from '2020.3/staging' branch; Version is '2020.3.25f1 (9b9180224418) revision 10195328'; Using compiler version '192528614'; Build Type 'Release'
OS: 'Windows 11  (10.0.22000) 64bit CoreSingleLanguage' Language: 'en' Physical Memory: 15716 MB
BatchMode: 1, IsHumanControllingUs: 0, StartBugReporterOnCrash: 0, Is64bit: 1, IsPro: 0

COMMAND LINE ARGUMENTS:
C:\Program Files\Unity\Hub\Editor\2020.3.25f1\Editor\Unity.exe
-adb2
-batchMode
-noUpm
-name
AssetImportWorker0
-projectPath
D:/Unity Projects/2D Projects/2D-Game-Development
-logFile
Logs/AssetImportWorker0.log
-srvPort
6134
Successfully changed project path to: D:/Unity Projects/2D Projects/2D-Game-Development
D:/Unity Projects/2D Projects/2D-Game-Development
Using Asset Import Pipeline V2.
Refreshing native plugins compatible for Editor in 44.06 ms, found 2 plugins.
Preloading 0 native plugins for Editor in 0.00 ms.
Initialize engine version: 2020.3.25f1 (9b9180224418)
[Subsystems] Discovering subsystems at path C:/Program Files/Unity/Hub/Editor/2020.3.25f1/Editor/Data/Resources/UnitySubsystems
[Subsystems] Discovering subsystems at path D:/Unity Projects/2D Projects/2D-Game-Development/Assets
GfxDevice: creating device client; threaded=0
Direct3D:
    Version:  Direct3D 11.0 [level 11.1]
    Renderer: NVIDIA GeForce RTX 3060 Laptop GPU (ID=0x2520)
    Vendor:   
    VRAM:     6023 MB
    Driver:   30.0.14.7247
Initialize mono
Mono path[0] = 'C:/Program Files/Unity/Hub/Editor/2020.3.25f1/Editor/Data/Managed'
Mono path[1] = 'C:/Program Files/Unity/Hub/Editor/2020.3.25f1/Editor/Data/MonoBleedingEdge/lib/mono/unityjit'
Mono config path = 'C:/Program Files/Unity/Hub/Editor/2020.3.25f1/Editor/Data/MonoBleedingEdge/etc'
Using monoOptions --debugger-agent=transport=dt_socket,embedding=1,server=y,suspend=n,address=127.0.0.1:56908
Begin MonoManager ReloadAssembly
Registering precompiled unity dll's ...
Register platform support module: C:/Program Files/Unity/Hub/Editor/2020.3.25f1/Editor/Data/PlaybackEngines/WebGLSupport/UnityEditor.WebGL.Extensions.dll
Register platform support module: C:/Program Files/Unity/Hub/Editor/2020.3.25f1/Editor/Data/PlaybackEngines/WindowsStandaloneSupport/UnityEditor.WindowsStandalone.Extensions.dll
Registered in 0.003021 seconds.
Native extension for WindowsStandalone target not found
Native extension for WebGL target not found
Refreshing native plugins compatible for Editor in 44.11 ms, found 2 plugins.
Preloading 0 native plugins for Editor in 0.00 ms.
Mono: successfully reloaded assembly
- Completed reload, in  0.437 seconds
Domain Reload Profiling:
	ReloadAssembly (437ms)
		BeginReloadAssembly (37ms)
			ExecutionOrderSort (0ms)
			DisableScriptedObjects (0ms)
			BackupInstance (0ms)
			ReleaseScriptingObjects (0ms)
			CreateAndSetChildDomain (1ms)
		EndReloadAssembly (345ms)
			LoadAssemblies (36ms)
			RebuildTransferFunctionScriptingTraits (0ms)
			SetupTypeCache (106ms)
			ReleaseScriptCaches (0ms)
			RebuildScriptCaches (20ms)
			SetupLoadedEditorAssemblies (144ms)
				LogAssemblyErrors (0ms)
				InitializePlatformSupportModulesInManaged (4ms)
				SetLoadedEditorAssemblies (0ms)
				RefreshPlugins (44ms)
				BeforeProcessingInitializeOnLoad (12ms)
				ProcessInitializeOnLoadAttributes (63ms)
				ProcessInitializeOnLoadMethodAttributes (20ms)
				AfterProcessingInitializeOnLoad (0ms)
				EditorAssembliesLoaded (0ms)
			ExecutionOrderSort2 (0ms)
			AwakeInstancesAfterBackupRestoration (0ms)
Platform modules already initialized, skipping
Registering precompiled user dll's ...
Registered in 0.007427 seconds.
Begin MonoManager ReloadAssembly
Native extension for WindowsStandalone target not found
Native extension for WebGL target not found
Refreshing native plugins compatible for Editor in 0.61 ms, found 2 plugins.
Preloading 0 native plugins for Editor in 0.00 ms.
Mono: successfully reloaded assembly
- Completed reload, in  0.819 seconds
Domain Reload Profiling:
	ReloadAssembly (819ms)
		BeginReloadAssembly (101ms)
			ExecutionOrderSort (0ms)
			DisableScriptedObjects (4ms)
			BackupInstance (0ms)
			ReleaseScriptingObjects (0ms)
			CreateAndSetChildDomain (16ms)
		EndReloadAssembly (671ms)
			LoadAssemblies (80ms)
			RebuildTransferFunctionScriptingTraits (0ms)
			SetupTypeCache (211ms)
			ReleaseScriptCaches (0ms)
			RebuildScriptCaches (35ms)
			SetupLoadedEditorAssemblies (275ms)
				LogAssemblyErrors (0ms)
				InitializePlatformSupportModulesInManaged (4ms)
				SetLoadedEditorAssemblies (0ms)
				RefreshPlugins (1ms)
				BeforeProcessingInitializeOnLoad (66ms)
				ProcessInitializeOnLoadAttributes (185ms)
				ProcessInitializeOnLoadMethodAttributes (14ms)
				AfterProcessingInitializeOnLoad (4ms)
				EditorAssembliesLoaded (0ms)
			ExecutionOrderSort2 (0ms)
			AwakeInstancesAfterBackupRestoration (6ms)
Platform modules already initialized, skipping
========================================================================
Worker process is ready to serve import requests
Launched and connected shader compiler UnityShaderCompiler.exe after 0.04 seconds
Refreshing native plugins compatible for Editor in 1.20 ms, found 2 plugins.
Preloading 0 native plugins for Editor in 0.00 ms.
Unloading 1904 Unused Serialized files (Serialized files now loaded: 0)
System memory in use before: 90.6 MB.
System memory in use after: 90.7 MB.

Unloading 23 unused Assets to reduce memory usage. Loaded Objects now: 2348.
Total: 11.155500 ms (FindLiveObjects: 0.377000 ms CreateObjectMapping: 0.120300 ms MarkObjects: 10.612700 ms  DeleteObjects: 0.043400 ms)

AssetImportParameters requested are different than current active one (requested -> active):
  custom:framework-win-MediaFoundation: 216162199b28c13a410421893ffa2e32 -> 
  custom:video-decoder-ogg-theora: a1e56fd34408186e4bbccfd4996cb3dc -> 
  custom:container-muxer-webm: aa71ff27fc2769a1b78a27578f13a17b -> 
  custom:container-demuxer-webm: 4f35f7cbe854078d1ac9338744f61a02 -> 
  custom:container-demuxer-ogg: 62fdf1f143b41e24485cea50d1cbac27 -> 
  custom:video-encoder-webm-vp8: eb34c28f22e8b96e1ab97ce403110664 -> 
  custom:video-codec-MediaFoundation-h265: 746d11721c4dcdbdad8f713fa42b33f4 -> 
  custom:video-decoder-webm-vp8: 9c59270c3fd7afecdb556c50c9e8de78 -> 
  custom:audio-decoder-ogg-vorbis: bf7c407c2cedff20999df2af8eb42d56 -> 
  custom:audio-encoder-webm-vorbis: bf7c407c2cedff20999df2af8eb42d56 -> 
========================================================================
Received Import Request.
  path: Assets/2DGamekit
  artifactKey: Guid(bcff70d2f4b71e841897abd52bf561ff) Importer(815301076,1909f56bfc062723c751e8b465ee728b)
Start importing Assets/2DGamekit using Guid(bcff70d2f4b71e841897abd52bf561ff) Importer(815301076,1909f56bfc062723c751e8b465ee728b)  -> (artifact id: '0e3bdea808f77bb5330092a8a5ad65dc') in 0.020421 seconds 
  Import took 0.028475 seconds .

========================================================================
Received Import Request.
  Time since last request: 81.934637 seconds.
  path: Assets/2DGamekit/Readme.asset
  artifactKey: Guid(83c2ed844a8c74b779a4c823d16594b1) Importer(815301076,1909f56bfc062723c751e8b465ee728b)
Start importing Assets/2DGamekit/Readme.asset using Guid(83c2ed844a8c74b779a4c823d16594b1) Importer(815301076,1909f56bfc062723c751e8b465ee728b)  -> (artifact id: 'd6c7e89498f213c04f7580f79f64ffae') in 0.027576 seconds 
  Import took 0.030658 seconds .

========================================================================
Received Import Request.
  Time since last request: 3.831101 seconds.
  path: Assets/2DGamekit/Art
  artifactKey: Guid(a849a12c93bea034a87ff6f9a436b598) Importer(815301076,1909f56bfc062723c751e8b465ee728b)
Start importing Assets/2DGamekit/Art using Guid(a849a12c93bea034a87ff6f9a436b598) Importer(815301076,1909f56bfc062723c751e8b465ee728b)  -> (artifact id: 'bbf7efe250d74588d68881d5ec75f781') in 0.008010 seconds 
  Import took 0.011000 seconds .

========================================================================
Received Import Request.
  Time since last request: 0.900726 seconds.
  path: Assets/2DGamekit/Art/Animations
  artifactKey: Guid(60d6468d5df18ac4cbc21a0a30b6854c) Importer(815301076,1909f56bfc062723c751e8b465ee728b)
Start importing Assets/2DGamekit/Art/Animations using Guid(60d6468d5df18ac4cbc21a0a30b6854c) Importer(815301076,1909f56bfc062723c751e8b465ee728b)  -> (artifact id: '2da4085a204323cdf21c5e680bed74af') in 0.007946 seconds 
  Import took 0.010876 seconds .

========================================================================
Received Import Request.
  Time since last request: 1.461245 seconds.
  path: Assets/2DGamekit/Art/Animations/AnimationClips
  artifactKey: Guid(36730a4e23e7d0b46b3f09df36838721) Importer(815301076,1909f56bfc062723c751e8b465ee728b)
Start importing Assets/2DGamekit/Art/Animations/AnimationClips using Guid(36730a4e23e7d0b46b3f09df36838721) Importer(815301076,1909f56bfc062723c751e8b465ee728b)  -> (artifact id: '4e71b23c27aaa4281b48cd5eeab3b9cf') in 0.007836 seconds 
  Import took 0.010818 seconds .

========================================================================
Received Import Request.
  Time since last request: 0.797069 seconds.
  path: Assets/2DGamekit/Art/Animations/AnimationClips/Ellen
  artifactKey: Guid(1c9ad3fe3307b7242be7a20aa65dd147) Importer(815301076,1909f56bfc062723c751e8b465ee728b)
Start importing Assets/2DGamekit/Art/Animations/AnimationClips/Ellen using Guid(1c9ad3fe3307b7242be7a20aa65dd147) Importer(815301076,1909f56bfc062723c751e8b465ee728b)  -> (artifact id: '7b326f7cdbe1c5de462f80803ab525ae') in 0.007728 seconds 
  Import took 0.010772 seconds .

========================================================================
Received Import Request.
  Time since last request: 4.334199 seconds.
  path: Assets/2DGamekit/Art/Animations/AnimationClips/Ellen/Ellen_Crouch.anim
  artifactKey: Guid(e3221ecdede175d46a75882d377f69fa) Importer(815301076,1909f56bfc062723c751e8b465ee728b)
Start importing Assets/2DGamekit/Art/Animations/AnimationClips/Ellen/Ellen_Crouch.anim using Guid(e3221ecdede175d46a75882d377f69fa) Importer(815301076,1909f56bfc062723c751e8b465ee728b)  -> (artifact id: '809fe3cdad448ff6a58396703ab2bb34') in 0.012642 seconds 
  Import took 0.015484 seconds .

========================================================================
Received Import Request.
  Time since last request: 18.725387 seconds.
  path: Assets/2DGamekit/Art/Sprites/AnimatedSprites/Ellen/Animations/Idle/Anim_IDLE_00001.png
  artifactKey: Guid(c4d7d6470acd7bf45971042161c6e018) Importer(815301076,1909f56bfc062723c751e8b465ee728b)
Start importing Assets/2DGamekit/Art/Sprites/AnimatedSprites/Ellen/Animations/Idle/Anim_IDLE_00001.png using Guid(c4d7d6470acd7bf45971042161c6e018) Importer(815301076,1909f56bfc062723c751e8b465ee728b)  -> (artifact id: '2922dbe7b3f50341bc51b9d37b982a60') in 0.072080 seconds 
  Import took 0.074842 seconds .

========================================================================
Received Import Request.
  Time since last request: 131.939790 seconds.
  path: Assets/Ellen/Anim_IDLE_00001.controller
  artifactKey: Guid(5a8f8af459722434b853ae84637d717e) Importer(815301076,1909f56bfc062723c751e8b465ee728b)
Start importing Assets/Ellen/Anim_IDLE_00001.controller using Guid(5a8f8af459722434b853ae84637d717e) Importer(815301076,1909f56bfc062723c751e8b465ee728b)  -> (artifact id: 'fa00e852eafa9b762d5f0c85079422eb') in 0.005214 seconds 
  Import took 0.008221 seconds .

========================================================================
Received Import Request.
  Time since last request: 7.063241 seconds.
  path: Assets/2DGamekit/Art/Sprites/AnimatedSprites/Ellen/Animations/Run/ELLEN_RUN_NoGun_01.png
  artifactKey: Guid(ff33d6adfeac52e419af23fad2d0abfd) Importer(815301076,1909f56bfc062723c751e8b465ee728b)
Start importing Assets/2DGamekit/Art/Sprites/AnimatedSprites/Ellen/Animations/Run/ELLEN_RUN_NoGun_01.png using Guid(ff33d6adfeac52e419af23fad2d0abfd) Importer(815301076,1909f56bfc062723c751e8b465ee728b)  -> (artifact id: '920140e9f540d09b7c9c3cc6c51a7eaa') in 0.015652 seconds 
  Import took 0.018932 seconds .

========================================================================
Received Import Request.
  Time since last request: 1.365376 seconds.
  path: Assets/2DGamekit/Art/Sprites/AnimatedSprites/Ellen/Animations/Run/ELLEN_RUN_NoGun_16.png
  artifactKey: Guid(79d7163dfd26ad748bf88cdc6b98d2f5) Importer(815301076,1909f56bfc062723c751e8b465ee728b)
Start importing Assets/2DGamekit/Art/Sprites/AnimatedSprites/Ellen/Animations/Run/ELLEN_RUN_NoGun_16.png using Guid(79d7163dfd26ad748bf88cdc6b98d2f5) Importer(815301076,1909f56bfc062723c751e8b465ee728b)  -> (artifact id: '3abdc6d17fa80eeaf303f248af66fcfa') in 0.014398 seconds 
  Import took 0.017693 seconds .

========================================================================
Received Prepare
Registering precompiled user dll's ...
Registered in 0.002479 seconds.
Begin MonoManager ReloadAssembly
Native extension for WindowsStandalone target not found
Native extension for WebGL target not found
Refreshing native plugins compatible for Editor in 0.71 ms, found 2 plugins.
Preloading 0 native plugins for Editor in 0.00 ms.
Mono: successfully reloaded assembly
- Completed reload, in  0.908 seconds
Domain Reload Profiling:
	ReloadAssembly (909ms)
		BeginReloadAssembly (111ms)
			ExecutionOrderSort (0ms)
			DisableScriptedObjects (5ms)
			BackupInstance (0ms)
			ReleaseScriptingObjects (0ms)
			CreateAndSetChildDomain (33ms)
		EndReloadAssembly (740ms)
			LoadAssemblies (74ms)
			RebuildTransferFunctionScriptingTraits (0ms)
			SetupTypeCache (245ms)
			ReleaseScriptCaches (1ms)
			RebuildScriptCaches (43ms)
			SetupLoadedEditorAssemblies (290ms)
				LogAssemblyErrors (0ms)
				InitializePlatformSupportModulesInManaged (6ms)
				SetLoadedEditorAssemblies (1ms)
				RefreshPlugins (1ms)
				BeforeProcessingInitializeOnLoad (80ms)
				ProcessInitializeOnLoadAttributes (188ms)
				ProcessInitializeOnLoadMethodAttributes (10ms)
				AfterProcessingInitializeOnLoad (5ms)
				EditorAssembliesLoaded (0ms)
			ExecutionOrderSort2 (0ms)
			AwakeInstancesAfterBackupRestoration (7ms)
Platform modules already initialized, skipping
Refreshing native plugins compatible for Editor in 0.67 ms, found 2 plugins.
Preloading 0 native plugins for Editor in 0.00 ms.
Unloading 1851 Unused Serialized files (Serialized files now loaded: 0)
System memory in use before: 89.1 MB.
System memory in use after: 89.2 MB.

Unloading 15 unused Assets to reduce memory usage. Loaded Objects now: 2356.
Total: 3.019000 ms (FindLiveObjects: 0.156300 ms CreateObjectMapping: 0.068600 ms MarkObjects: 2.775800 ms  DeleteObjects: 0.017200 ms)

AssetImportParameters requested are different than current active one (requested -> active):
  custom:framework-win-MediaFoundation: 216162199b28c13a410421893ffa2e32 -> 
  custom:video-decoder-ogg-theora: a1e56fd34408186e4bbccfd4996cb3dc -> 
  custom:container-muxer-webm: aa71ff27fc2769a1b78a27578f13a17b -> 
  custom:container-demuxer-webm: 4f35f7cbe854078d1ac9338744f61a02 -> 
  custom:container-demuxer-ogg: 62fdf1f143b41e24485cea50d1cbac27 -> 
  custom:video-encoder-webm-vp8: eb34c28f22e8b96e1ab97ce403110664 -> 
  custom:video-codec-MediaFoundation-h265: 746d11721c4dcdbdad8f713fa42b33f4 -> 
  custom:video-decoder-webm-vp8: 9c59270c3fd7afecdb556c50c9e8de78 -> 
  custom:audio-decoder-ogg-vorbis: bf7c407c2cedff20999df2af8eb42d56 -> 
  custom:audio-encoder-webm-vorbis: bf7c407c2cedff20999df2af8eb42d56 -> 
